#
# There is insufficient memory for the Java Runtime Environment to continue.
# Native memory allocation (malloc) failed to allocate 32744 bytes for ChunkPool::allocate
# Possible reasons:
#   The system is out of physical RAM or swap space
#   The process is running with CompressedOops enabled, and the Java Heap may be blocking the growth of the native heap
# Possible solutions:
#   Reduce memory load on the system
#   Increase physical memory or swap space
#   Check if swap backing store is full
#   Decrease Java heap size (-Xmx/-Xms)
#   Decrease number of Java threads
#   Decrease Java thread stack sizes (-Xss)
#   Set larger code cache with -XX:ReservedCodeCacheSize=
#   JVM is running with Zero Based Compressed Oops mode in which the Java heap is
#     placed in the first 32GB address space. The Java Heap base address is the
#     maximum limit for the native heap growth. Please use -XX:HeapBaseMinAddress
#     to set the Java Heap base and to place the Java Heap above 32GB virtual address.
# This output file may be truncated or incomplete.
#
#  Out of Memory Error (./open/src/hotspot/share/memory/arena.cpp:81), pid=8556, tid=22008
#
# JRE version: Java(TM) SE Runtime Environment 18.9 (11.0.15.1+2) (build 11.0.15.1+2-LTS-10)
# Java VM: Java HotSpot(TM) 64-Bit Server VM 18.9 (11.0.15.1+2-LTS-10, mixed mode, tiered, compressed oops, g1 gc, windows-amd64)
# No core dump will be written. Minidumps are not enabled by default on client versions of Windows
#

---------------  S U M M A R Y ------------

Command Line: -ea -Dfile.encoding=UTF-8 org.testng.remote.RemoteTestNG -serport 62895 -protocol json -d D:\Users\samsung\Desktop\SQA\Projects\EclipseWorkSpace\MVN_POM_TstNG\test-output C:\Users\samsung\AppData\Local\Temp\testng-eclipse--354784104\testng-customsuite.xml

Host: Intel(R) Core(TM) i7-7500U CPU @ 2.70GHz, 4 cores, 15G,  Windows 10 , 64 bit Build 19041 (10.0.19041.1889)
Time: Fri Aug 19 16:57:02 2022 Turkey Standard Time elapsed time: 9.074915 seconds (0d 0h 0m 9s)

---------------  T H R E A D  ---------------

Current thread (0x00000168b3396000):  JavaThread "main" [_thread_in_vm, id=22008, stack(0x00000015a0100000,0x00000015a0200000)]

Stack: [0x00000015a0100000,0x00000015a0200000]
Native frames: (J=compiled Java code, j=interpreted, Vv=VM code, C=native code)
V  [jvm.dll+0x629d8a]
V  [jvm.dll+0x7638ff]
V  [jvm.dll+0x764fa9]
V  [jvm.dll+0x765633]
V  [jvm.dll+0x23d9c8]
V  [jvm.dll+0xb2c7b]
V  [jvm.dll+0xb2fdc]
V  [jvm.dll+0x522209]
V  [jvm.dll+0x5ed8e8]
V  [jvm.dll+0x5e921e]
C  0x00000168c2542bdb

Java frames: (J=compiled Java code, j=interpreted, Vv=VM code)
J 712  java.lang.invoke.MethodHandleNatives.resolve(Ljava/lang/invoke/MemberName;Ljava/lang/Class;Z)Ljava/lang/invoke/MemberName; java.base@11.0.15.1 (0 bytes) @ 0x00000168c2542b3b [0x00000168c2542ac0+0x000000000000007b]
J 711 c1 java.lang.invoke.MemberName$Factory.resolve(BLjava/lang/invoke/MemberName;Ljava/lang/Class;Z)Ljava/lang/invoke/MemberName; java.base@11.0.15.1 (157 bytes) @ 0x00000168bb103d9c [0x00000168bb103ba0+0x00000000000001fc]
J 748 c1 java.lang.invoke.MemberName$Factory.resolveOrFail(BLjava/lang/invoke/MemberName;Ljava/lang/Class;Ljava/lang/Class;)Ljava/lang/invoke/MemberName; java.base@11.0.15.1 (53 bytes) @ 0x00000168bb115e9c [0x00000168bb115e20+0x000000000000007c]
J 2006 c1 java.lang.invoke.MethodHandles$Lookup.resolveOrFail(BLjava/lang/invoke/MemberName;)Ljava/lang/invoke/MemberName; java.base@11.0.15.1 (39 bytes) @ 0x00000168bb39850c [0x00000168bb397d40+0x00000000000007cc]
J 1517 c1 java.lang.invoke.MethodHandles$Lookup.linkMethodHandleConstant(BLjava/lang/Class;Ljava/lang/String;Ljava/lang/Object;)Ljava/lang/invoke/MethodHandle; java.base@11.0.15.1 (220 bytes) @ 0x00000168bb295e6c [0x00000168bb294de0+0x000000000000108c]
J 1516 c1 java.lang.invoke.MethodHandleNatives.linkMethodHandleConstant(Ljava/lang/Class;ILjava/lang/Class;Ljava/lang/String;Ljava/lang/Object;)Ljava/lang/invoke/MethodHandle; java.base@11.0.15.1 (50 bytes) @ 0x00000168bb294724 [0x00000168bb294660+0x00000000000000c4]
v  ~StubRoutines::call_stub
j  sun.reflect.annotation.AnnotationParser.parseEnumArray(ILjava/lang/Class;Ljava/nio/ByteBuffer;Ljdk/internal/reflect/ConstantPool;Ljava/lang/Class;)Ljava/lang/Object;+16 java.base@11.0.15.1
j  sun.reflect.annotation.AnnotationParser.parseArray(Ljava/lang/Class;Ljava/nio/ByteBuffer;Ljdk/internal/reflect/ConstantPool;Ljava/lang/Class;)Ljava/lang/Object;+189 java.base@11.0.15.1
j  sun.reflect.annotation.AnnotationParser.parseMemberValue(Ljava/lang/Class;Ljava/nio/ByteBuffer;Ljdk/internal/reflect/ConstantPool;Ljava/lang/Class;)Ljava/lang/Object;+87 java.base@11.0.15.1
j  sun.reflect.annotation.AnnotationParser.parseAnnotation2(Ljava/nio/ByteBuffer;Ljdk/internal/reflect/ConstantPool;Ljava/lang/Class;Z[Ljava/lang/Class;)Ljava/lang/annotation/Annotation;+221 java.base@11.0.15.1
j  sun.reflect.annotation.AnnotationParser.parseAnnotations2([BLjdk/internal/reflect/ConstantPool;Ljava/lang/Class;[Ljava/lang/Class;)Ljava/util/Map;+41 java.base@11.0.15.1
J 2108 c1 sun.reflect.annotation.AnnotationParser.parseAnnotations([BLjdk/internal/reflect/ConstantPool;Ljava/lang/Class;)Ljava/util/Map; java.base@11.0.15.1 (37 bytes) @ 0x00000168bb3e8444 [0x00000168bb3e8360+0x00000000000000e4]
j  java.lang.Class.createAnnotationData(I)Ljava/lang/Class$AnnotationData;+9 java.base@11.0.15.1
J 1170 c1 java.lang.Class.annotationData()Ljava/lang/Class$AnnotationData; java.base@11.0.15.1 (44 bytes) @ 0x00000168bb1e26ec [0x00000168bb1e25e0+0x000000000000010c]
J 1172 c1 java.lang.Class.getAnnotation(Ljava/lang/Class;)Ljava/lang/annotation/Annotation; java.base@11.0.15.1 (22 bytes) @ 0x00000168bb1e33ec [0x00000168bb1e3300+0x00000000000000ec]
j  java.lang.reflect.AnnotatedElement.isAnnotationPresent(Ljava/lang/Class;)Z+2 java.base@11.0.15.1
j  java.lang.Class.isAnnotationPresent(Ljava/lang/Class;)Z+2 java.base@11.0.15.1
j  org.openqa.selenium.support.pagefactory.Annotations.buildBy()Lorg/openqa/selenium/By;+44
j  org.openqa.selenium.support.pagefactory.DefaultElementLocator.<init>(Lorg/openqa/selenium/SearchContext;Lorg/openqa/selenium/support/pagefactory/AbstractAnnotations;)V+19
j  org.openqa.selenium.support.pagefactory.DefaultElementLocator.<init>(Lorg/openqa/selenium/SearchContext;Ljava/lang/reflect/Field;)V+10
j  org.openqa.selenium.support.pagefactory.DefaultElementLocatorFactory.createLocator(Ljava/lang/reflect/Field;)Lorg/openqa/selenium/support/pagefactory/ElementLocator;+9
j  org.openqa.selenium.support.pagefactory.DefaultFieldDecorator.decorate(Ljava/lang/ClassLoader;Ljava/lang/reflect/Field;)Ljava/lang/Object;+27
j  org.openqa.selenium.support.PageFactory.proxyFields(Lorg/openqa/selenium/support/pagefactory/FieldDecorator;Ljava/lang/Object;Ljava/lang/Class;)V+40
j  org.openqa.selenium.support.PageFactory.initElements(Lorg/openqa/selenium/support/pagefactory/FieldDecorator;Ljava/lang/Object;)V+14
j  org.openqa.selenium.support.PageFactory.initElements(Lorg/openqa/selenium/support/pagefactory/ElementLocatorFactory;Ljava/lang/Object;)V+9
j  org.openqa.selenium.support.PageFactory.initElements(Lorg/openqa/selenium/SearchContext;Ljava/lang/Object;)V+9
j  com.app.qa.pages.LoginPage.<init>()V+8
j  com.app.qa.tests.LoginPageTest.SetUp()V+8
v  ~StubRoutines::call_stub
j  jdk.internal.reflect.NativeMethodAccessorImpl.invoke0(Ljava/lang/reflect/Method;Ljava/lang/Object;[Ljava/lang/Object;)Ljava/lang/Object;+0 java.base@11.0.15.1
j  jdk.internal.reflect.NativeMethodAccessorImpl.invoke(Ljava/lang/Object;[Ljava/lang/Object;)Ljava/lang/Object;+100 java.base@11.0.15.1
j  jdk.internal.reflect.DelegatingMethodAccessorImpl.invoke(Ljava/lang/Object;[Ljava/lang/Object;)Ljava/lang/Object;+6 java.base@11.0.15.1
j  java.lang.reflect.Method.invoke(Ljava/lang/Object;[Ljava/lang/Object;)Ljava/lang/Object;+59 java.base@11.0.15.1
j  org.testng.internal.invokers.MethodInvocationHelper.invokeMethod(Ljava/lang/reflect/Method;Ljava/lang/Object;[Ljava/lang/Object;)Ljava/lang/Object;+198
j  org.testng.internal.invokers.MethodInvocationHelper.invokeMethodConsideringTimeout(Lorg/testng/ITestNGMethod;Lorg/testng/internal/ConstructorOrMethod;Ljava/lang/Object;[Ljava/lang/Object;Lorg/testng/ITestResult;)V+15
j  org.testng.internal.invokers.ConfigInvoker.invokeConfigurationMethod(Ljava/lang/Object;Lorg/testng/ITestNGMethod;[Ljava/lang/Object;Lorg/testng/ITestResult;)V+218
j  org.testng.internal.invokers.ConfigInvoker.invokeConfigurations(Lorg/testng/internal/invokers/ConfigMethodArguments;)V+530
j  org.testng.internal.invokers.TestInvoker.runConfigMethods(Lorg/testng/internal/invokers/TestMethodArguments;Lorg/testng/xml/XmlSuite;Lorg/testng/internal/TestResult;[Lorg/testng/ITestNGMethod;)V+66
j  org.testng.internal.invokers.TestInvoker.invokeMethod(Lorg/testng/internal/invokers/TestMethodArguments;Lorg/testng/xml/XmlSuite;Lorg/testng/internal/invokers/ITestInvoker$FailureContext;)Lorg/testng/ITestResult;+106
j  org.testng.internal.invokers.TestInvoker.invokeTestMethod(Lorg/testng/internal/invokers/TestMethodArguments;Lorg/testng/xml/XmlSuite;Lorg/testng/internal/invokers/ITestInvoker$FailureContext;)Lorg/testng/ITestResult;+16
j  org.testng.internal.invokers.MethodRunner.runInSequence(Lorg/testng/internal/invokers/TestMethodArguments;Lorg/testng/internal/invokers/ITestInvoker;Lorg/testng/ITestContext;Ljava/util/concurrent/atomic/AtomicInteger;Lorg/testng/internal/invokers/ITestInvoker$FailureContext;Ljava/util/Iterator;Z)Ljava/util/List;+127
j  org.testng.internal.invokers.TestInvoker$MethodInvocationAgent.invoke(I)I+376
j  org.testng.internal.invokers.TestInvoker.invokeTestMethods(Lorg/testng/ITestNGMethod;Lorg/testng/internal/ConfigurationGroupMethods;Ljava/lang/Object;Lorg/testng/ITestContext;)Ljava/util/List;+569
j  org.testng.internal.invokers.TestMethodWorker.invokeTestMethods(Lorg/testng/ITestNGMethod;Ljava/lang/Object;)V+14
j  org.testng.internal.invokers.TestMethodWorker.run()V+127
j  org.testng.TestRunner$$Lambda$154.accept(Ljava/lang/Object;)V+7
j  java.util.ArrayList.forEach(Ljava/util/function/Consumer;)V+46 java.base@11.0.15.1
j  org.testng.TestRunner.privateRun(Lorg/testng/xml/XmlTest;)V+323
j  org.testng.TestRunner.run()V+25
j  org.testng.SuiteRunner.runTest(Lorg/testng/TestRunner;)V+21
j  org.testng.SuiteRunner.runSequentially()V+31
j  org.testng.SuiteRunner.privateRun()V+314
j  org.testng.SuiteRunner.run()V+6
j  org.testng.SuiteRunnerWorker.runSuite(Lorg/testng/internal/invokers/SuiteRunnerMap;Lorg/testng/xml/XmlSuite;)V+56
j  org.testng.SuiteRunnerWorker.run()V+12
j  org.testng.TestNG.runSuitesSequentially(Lorg/testng/xml/XmlSuite;Lorg/testng/internal/invokers/SuiteRunnerMap;ILjava/lang/String;)V+66
j  org.testng.TestNG.runSuitesLocally()Ljava/util/List;+156
j  org.testng.TestNG.runSuites()Ljava/util/List;+1
j  org.testng.TestNG.run()V+25
j  org.testng.remote.AbstractRemoteTestNG.run()V+149
j  org.testng.remote.RemoteTestNG.initAndRun(Lorg/testng/remote/IRemoteTestNG;[Ljava/lang/String;Lorg/testng/CommandLineArgs;Lorg/testng/remote/RemoteArgs;)V+184
j  org.testng.remote.RemoteTestNG.main([Ljava/lang/String;)V+201
v  ~StubRoutines::call_stub

---------------  P R O C E S S  ---------------

Threads class SMR info:
_java_thread_list=0x00000168d74a16e0, length=24, elements={
0x00000168b3396000, 0x00000168d5f16800, 0x00000168d5f42800, 0x00000168d5f9a800,
0x00000168d5f9b800, 0x00000168d5f9e800, 0x00000168d5fa4800, 0x00000168d5faa800,
0x00000168d5fb5800, 0x00000168d6149800, 0x00000168d6153800, 0x00000168d6a0e800,
0x00000168d6a0f000, 0x00000168d752c800, 0x00000168d74bb000, 0x00000168d7351800,
0x00000168d7407000, 0x00000168d73f6000, 0x00000168d79d2800, 0x00000168d74d6000,
0x00000168d74d8000, 0x00000168d74d8800, 0x00000168d8a95800, 0x00000168d8a97000
}

Java Threads: ( => current thread )
=>0x00000168b3396000 JavaThread "main" [_thread_in_vm, id=22008, stack(0x00000015a0100000,0x00000015a0200000)]
  0x00000168d5f16800 JavaThread "Reference Handler" daemon [_thread_blocked, id=1624, stack(0x00000015a0800000,0x00000015a0900000)]
  0x00000168d5f42800 JavaThread "Finalizer" daemon [_thread_blocked, id=17828, stack(0x00000015a0900000,0x00000015a0a00000)]
  0x00000168d5f9a800 JavaThread "Signal Dispatcher" daemon [_thread_blocked, id=23512, stack(0x00000015a0a00000,0x00000015a0b00000)]
  0x00000168d5f9b800 JavaThread "Attach Listener" daemon [_thread_blocked, id=5756, stack(0x00000015a0b00000,0x00000015a0c00000)]
  0x00000168d5f9e800 JavaThread "Service Thread" daemon [_thread_blocked, id=20488, stack(0x00000015a0c00000,0x00000015a0d00000)]
  0x00000168d5fa4800 JavaThread "C2 CompilerThread0" daemon [_thread_in_native, id=8864, stack(0x00000015a0d00000,0x00000015a0e00000)]
  0x00000168d5faa800 JavaThread "C1 CompilerThread0" daemon [_thread_blocked, id=18572, stack(0x00000015a0e00000,0x00000015a0f00000)]
  0x00000168d5fb5800 JavaThread "Sweeper thread" daemon [_thread_blocked, id=17696, stack(0x00000015a0f00000,0x00000015a1000000)]
  0x00000168d6149800 JavaThread "Common-Cleaner" daemon [_thread_blocked, id=22656, stack(0x00000015a1100000,0x00000015a1200000)]
  0x00000168d6153800 JavaThread "ReaderThread" [_thread_in_native, id=14940, stack(0x00000015a1700000,0x00000015a1800000)]
  0x00000168d6a0e800 JavaThread "ForkJoinPool.commonPool-worker-3" daemon [_thread_blocked, id=12104, stack(0x00000015a1800000,0x00000015a1900000)]
  0x00000168d6a0f000 JavaThread "ForkJoinPool.commonPool-worker-5" daemon [_thread_blocked, id=15708, stack(0x00000015a1900000,0x00000015a1a00000)]
  0x00000168d752c800 JavaThread "ForkJoinPool.commonPool-worker-7" daemon [_thread_blocked, id=10340, stack(0x00000015a1a00000,0x00000015a1b00000)]
  0x00000168d74bb000 JavaThread "AsyncHttpClient-1-1" daemon [_thread_blocked, id=22124, stack(0x00000015a1b00000,0x00000015a1c00000)]
  0x00000168d7351800 JavaThread "Exec Default Executor" daemon [_thread_in_native, id=12932, stack(0x00000015a1c00000,0x00000015a1d00000)]
  0x00000168d7407000 JavaThread "Driver Service Executor" daemon [_thread_blocked, id=13904, stack(0x00000015a1d00000,0x00000015a1e00000)]
  0x00000168d73f6000 JavaThread "Driver Service Executor" daemon [_thread_blocked, id=21400, stack(0x00000015a1e00000,0x00000015a1f00000)]
  0x00000168d79d2800 JavaThread "UrlChecker-2" daemon [_thread_blocked, id=9252, stack(0x00000015a1f00000,0x00000015a2000000)]
  0x00000168d74d6000 JavaThread "Exec Stream Pumper" daemon [_thread_in_native, id=20508, stack(0x00000015a2000000,0x00000015a2100000)]
  0x00000168d74d8000 JavaThread "Exec Stream Pumper" daemon [_thread_in_native, id=16280, stack(0x00000015a2100000,0x00000015a2200000)]
  0x00000168d74d8800 JavaThread "AsyncHttpClient-1-2" daemon [_thread_in_native, id=13232, stack(0x00000015a2200000,0x00000015a2300000)]
  0x00000168d8a95800 JavaThread "AsyncHttpClient-1-3" daemon [_thread_in_native, id=18580, stack(0x00000015a2400000,0x00000015a2500000)]
  0x00000168d8a97000 JavaThread "AsyncHttpClient-1-4" daemon [_thread_in_native, id=17188, stack(0x00000015a2500000,0x00000015a2600000)]

Other Threads:
  0x00000168d5f15000 VMThread "VM Thread" [stack: 0x00000015a0700000,0x00000015a0800000] [id=11196]
  0x00000168d614d000 WatcherThread [stack: 0x00000015a1000000,0x00000015a1100000] [id=6656]
  0x00000168b33ac000 GCTaskThread "GC Thread#0" [stack: 0x00000015a0200000,0x00000015a0300000] [id=18856]
  0x00000168d6c30000 GCTaskThread "GC Thread#1" [stack: 0x00000015a1400000,0x00000015a1500000] [id=20312]
  0x00000168d6998000 GCTaskThread "GC Thread#2" [stack: 0x00000015a1500000,0x00000015a1600000] [id=9256]
  0x00000168d6998800 GCTaskThread "GC Thread#3" [stack: 0x00000015a1600000,0x00000015a1700000] [id=7644]
  0x00000168b3407000 ConcurrentGCThread "G1 Main Marker" [stack: 0x00000015a0300000,0x00000015a0400000] [id=4676]
  0x00000168b3409800 ConcurrentGCThread "G1 Conc#0" [stack: 0x00000015a0400000,0x00000015a0500000] [id=15960]
  0x00000168d5578800 ConcurrentGCThread "G1 Refine#0" [stack: 0x00000015a0500000,0x00000015a0600000] [id=15912]
  0x00000168d557b000 ConcurrentGCThread "G1 Young RemSet Sampling" [stack: 0x00000015a0600000,0x00000015a0700000] [id=20240]

Threads with active compile tasks:
C2 CompilerThread0   9100 2346       4       java.io.DataOutputStream::writeByte (14 bytes)

VM state:not at safepoint (normal execution)

VM Mutex/Monitor currently owned by a thread: None

Heap address: 0x0000000701400000, size: 4076 MB, Compressed Oops mode: Zero based, Oop shift amount: 3
Narrow klass base: 0x0000000800000000, Narrow klass shift: 0
Compressed class space size: 1073741824 Address: 0x0000000800000000

Heap:
 garbage-first heap   total 262144K, used 23411K [0x0000000701400000, 0x0000000800000000)
  region size 1024K, 12 young (12288K), 3 survivors (3072K)
 Metaspace       used 30931K, capacity 32039K, committed 32304K, reserved 1077248K
  class space    used 3703K, capacity 4157K, committed 4224K, reserved 1048576K
Heap Regions: E=young(eden), S=young(survivor), O=old, HS=humongous(starts), HC=humongous(continues), CS=collection set, F=free, A=archive, TAMS=top-at-mark-start (previous, next)
|   0|0x0000000701400000, 0x0000000701500000, 0x0000000701500000|100%| O|  |TAMS 0x0000000701500000, 0x0000000701400000| Untracked 
|   1|0x0000000701500000, 0x0000000701600000, 0x0000000701600000|100%| O|  |TAMS 0x00000007015a1600, 0x0000000701500000| Untracked 
|   2|0x0000000701600000, 0x0000000701700000, 0x0000000701700000|100%|HS|  |TAMS 0x0000000701600000, 0x0000000701600000| Complete 
|   3|0x0000000701700000, 0x0000000701800000, 0x0000000701800000|100%|HC|  |TAMS 0x0000000701700000, 0x0000000701700000| Complete 
|   4|0x0000000701800000, 0x0000000701900000, 0x0000000701900000|100%|HC|  |TAMS 0x0000000701800000, 0x0000000701800000| Complete 
|   5|0x0000000701900000, 0x0000000701a00000, 0x0000000701a00000|100%|HC|  |TAMS 0x0000000701900000, 0x0000000701900000| Complete 
|   6|0x0000000701a00000, 0x0000000701b00000, 0x0000000701b00000|100%|HC|  |TAMS 0x0000000701a00000, 0x0000000701a00000| Complete 
|   7|0x0000000701b00000, 0x0000000701c00000, 0x0000000701c00000|100%| O|  |TAMS 0x0000000701b00000, 0x0000000701b00000| Untracked 
|   8|0x0000000701c00000, 0x0000000701d00000, 0x0000000701d00000|100%| O|  |TAMS 0x0000000701c00000, 0x0000000701c00000| Untracked 
|   9|0x0000000701d00000, 0x0000000701e00000, 0x0000000701e00000|100%| O|  |TAMS 0x0000000701d00000, 0x0000000701d00000| Untracked 
|  10|0x0000000701e00000, 0x0000000701f00000, 0x0000000701f00000|100%| O|  |TAMS 0x0000000701e00000, 0x0000000701e00000| Untracked 
|  11|0x0000000701f00000, 0x0000000701fdce00, 0x0000000702000000| 86%| O|  |TAMS 0x0000000701f00000, 0x0000000701f00000| Untracked 
|  12|0x0000000702000000, 0x0000000702000000, 0x0000000702100000|  0%| F|  |TAMS 0x0000000702000000, 0x0000000702000000| Untracked 
|  13|0x0000000702100000, 0x0000000702100000, 0x0000000702200000|  0%| F|  |TAMS 0x0000000702100000, 0x0000000702100000| Untracked 
|  14|0x0000000702200000, 0x0000000702200000, 0x0000000702300000|  0%| F|  |TAMS 0x0000000702200000, 0x0000000702200000| Untracked 
|  15|0x0000000702300000, 0x0000000702300000, 0x0000000702400000|  0%| F|  |TAMS 0x0000000702300000, 0x0000000702300000| Untracked 
|  16|0x0000000702400000, 0x0000000702400000, 0x0000000702500000|  0%| F|  |TAMS 0x0000000702400000, 0x0000000702400000| Untracked 
|  17|0x0000000702500000, 0x0000000702500000, 0x0000000702600000|  0%| F|  |TAMS 0x0000000702500000, 0x0000000702500000| Untracked 
|  18|0x0000000702600000, 0x0000000702600000, 0x0000000702700000|  0%| F|  |TAMS 0x0000000702600000, 0x0000000702600000| Untracked 
|  19|0x0000000702700000, 0x0000000702700000, 0x0000000702800000|  0%| F|  |TAMS 0x0000000702700000, 0x0000000702700000| Untracked 
|  20|0x0000000702800000, 0x0000000702800000, 0x0000000702900000|  0%| F|  |TAMS 0x0000000702800000, 0x0000000702800000| Untracked 
|  21|0x0000000702900000, 0x0000000702900000, 0x0000000702a00000|  0%| F|  |TAMS 0x0000000702900000, 0x0000000702900000| Untracked 
|  22|0x0000000702a00000, 0x0000000702a00000, 0x0000000702b00000|  0%| F|  |TAMS 0x0000000702a00000, 0x0000000702a00000| Untracked 
|  23|0x0000000702b00000, 0x0000000702b00000, 0x0000000702c00000|  0%| F|  |TAMS 0x0000000702b00000, 0x0000000702b00000| Untracked 
|  24|0x0000000702c00000, 0x0000000702c00000, 0x0000000702d00000|  0%| F|  |TAMS 0x0000000702c00000, 0x0000000702c00000| Untracked 
|  25|0x0000000702d00000, 0x0000000702d00000, 0x0000000702e00000|  0%| F|  |TAMS 0x0000000702d00000, 0x0000000702d00000| Untracked 
|  26|0x0000000702e00000, 0x0000000702e00000, 0x0000000702f00000|  0%| F|  |TAMS 0x0000000702e00000, 0x0000000702e00000| Untracked 
|  27|0x0000000702f00000, 0x0000000702f00000, 0x0000000703000000|  0%| F|  |TAMS 0x0000000702f00000, 0x0000000702f00000| Untracked 
|  28|0x0000000703000000, 0x0000000703000000, 0x0000000703100000|  0%| F|  |TAMS 0x0000000703000000, 0x0000000703000000| Untracked 
|  29|0x0000000703100000, 0x0000000703100000, 0x0000000703200000|  0%| F|  |TAMS 0x0000000703100000, 0x0000000703100000| Untracked 
|  30|0x0000000703200000, 0x0000000703200000, 0x0000000703300000|  0%| F|  |TAMS 0x0000000703200000, 0x0000000703200000| Untracked 
|  31|0x0000000703300000, 0x0000000703300000, 0x0000000703400000|  0%| F|  |TAMS 0x0000000703300000, 0x0000000703300000| Untracked 
|  32|0x0000000703400000, 0x0000000703400000, 0x0000000703500000|  0%| F|  |TAMS 0x0000000703400000, 0x0000000703400000| Untracked 
|  33|0x0000000703500000, 0x0000000703500000, 0x0000000703600000|  0%| F|  |TAMS 0x0000000703500000, 0x0000000703500000| Untracked 
|  34|0x0000000703600000, 0x0000000703600000, 0x0000000703700000|  0%| F|  |TAMS 0x0000000703600000, 0x0000000703600000| Untracked 
|  35|0x0000000703700000, 0x0000000703700000, 0x0000000703800000|  0%| F|  |TAMS 0x0000000703700000, 0x0000000703700000| Untracked 
|  36|0x0000000703800000, 0x0000000703800000, 0x0000000703900000|  0%| F|  |TAMS 0x0000000703800000, 0x0000000703800000| Untracked 
|  37|0x0000000703900000, 0x0000000703900000, 0x0000000703a00000|  0%| F|  |TAMS 0x0000000703900000, 0x0000000703900000| Untracked 
|  38|0x0000000703a00000, 0x0000000703a00000, 0x0000000703b00000|  0%| F|  |TAMS 0x0000000703a00000, 0x0000000703a00000| Untracked 
|  39|0x0000000703b00000, 0x0000000703b00000, 0x0000000703c00000|  0%| F|  |TAMS 0x0000000703b00000, 0x0000000703b00000| Untracked 
|  40|0x0000000703c00000, 0x0000000703c00000, 0x0000000703d00000|  0%| F|  |TAMS 0x0000000703c00000, 0x0000000703c00000| Untracked 
|  41|0x0000000703d00000, 0x0000000703d00000, 0x0000000703e00000|  0%| F|  |TAMS 0x0000000703d00000, 0x0000000703d00000| Untracked 
|  42|0x0000000703e00000, 0x0000000703e00000, 0x0000000703f00000|  0%| F|  |TAMS 0x0000000703e00000, 0x0000000703e00000| Untracked 
|  43|0x0000000703f00000, 0x0000000703f00000, 0x0000000704000000|  0%| F|  |TAMS 0x0000000703f00000, 0x0000000703f00000| Untracked 
|  44|0x0000000704000000, 0x0000000704000000, 0x0000000704100000|  0%| F|  |TAMS 0x0000000704000000, 0x0000000704000000| Untracked 
|  45|0x0000000704100000, 0x0000000704100000, 0x0000000704200000|  0%| F|  |TAMS 0x0000000704100000, 0x0000000704100000| Untracked 
|  46|0x0000000704200000, 0x0000000704200000, 0x0000000704300000|  0%| F|  |TAMS 0x0000000704200000, 0x0000000704200000| Untracked 
|  47|0x0000000704300000, 0x0000000704300000, 0x0000000704400000|  0%| F|  |TAMS 0x0000000704300000, 0x0000000704300000| Untracked 
|  48|0x0000000704400000, 0x0000000704400000, 0x0000000704500000|  0%| F|  |TAMS 0x0000000704400000, 0x0000000704400000| Untracked 
|  49|0x0000000704500000, 0x0000000704500000, 0x0000000704600000|  0%| F|  |TAMS 0x0000000704500000, 0x0000000704500000| Untracked 
|  50|0x0000000704600000, 0x0000000704600000, 0x0000000704700000|  0%| F|  |TAMS 0x0000000704600000, 0x0000000704600000| Untracked 
|  51|0x0000000704700000, 0x0000000704700000, 0x0000000704800000|  0%| F|  |TAMS 0x0000000704700000, 0x0000000704700000| Untracked 
|  52|0x0000000704800000, 0x0000000704800000, 0x0000000704900000|  0%| F|  |TAMS 0x0000000704800000, 0x0000000704800000| Untracked 
|  53|0x0000000704900000, 0x0000000704900000, 0x0000000704a00000|  0%| F|  |TAMS 0x0000000704900000, 0x0000000704900000| Untracked 
|  54|0x0000000704a00000, 0x0000000704a00000, 0x0000000704b00000|  0%| F|  |TAMS 0x0000000704a00000, 0x0000000704a00000| Untracked 
|  55|0x0000000704b00000, 0x0000000704b00000, 0x0000000704c00000|  0%| F|  |TAMS 0x0000000704b00000, 0x0000000704b00000| Untracked 
|  56|0x0000000704c00000, 0x0000000704c00000, 0x0000000704d00000|  0%| F|  |TAMS 0x0000000704c00000, 0x0000000704c00000| Untracked 
|  57|0x0000000704d00000, 0x0000000704d00000, 0x0000000704e00000|  0%| F|  |TAMS 0x0000000704d00000, 0x0000000704d00000| Untracked 
|  58|0x0000000704e00000, 0x0000000704e00000, 0x0000000704f00000|  0%| F|  |TAMS 0x0000000704e00000, 0x0000000704e00000| Untracked 
|  59|0x0000000704f00000, 0x0000000704f00000, 0x0000000705000000|  0%| F|  |TAMS 0x0000000704f00000, 0x0000000704f00000| Untracked 
|  60|0x0000000705000000, 0x0000000705000000, 0x0000000705100000|  0%| F|  |TAMS 0x0000000705000000, 0x0000000705000000| Untracked 
|  61|0x0000000705100000, 0x0000000705100000, 0x0000000705200000|  0%| F|  |TAMS 0x0000000705100000, 0x0000000705100000| Untracked 
|  62|0x0000000705200000, 0x0000000705200000, 0x0000000705300000|  0%| F|  |TAMS 0x0000000705200000, 0x0000000705200000| Untracked 
|  63|0x0000000705300000, 0x0000000705300000, 0x0000000705400000|  0%| F|  |TAMS 0x0000000705300000, 0x0000000705300000| Untracked 
|  64|0x0000000705400000, 0x0000000705400000, 0x0000000705500000|  0%| F|  |TAMS 0x0000000705400000, 0x0000000705400000| Untracked 
|  65|0x0000000705500000, 0x0000000705500000, 0x0000000705600000|  0%| F|  |TAMS 0x0000000705500000, 0x0000000705500000| Untracked 
|  66|0x0000000705600000, 0x0000000705600000, 0x0000000705700000|  0%| F|  |TAMS 0x0000000705600000, 0x0000000705600000| Untracked 
|  67|0x0000000705700000, 0x0000000705700000, 0x0000000705800000|  0%| F|  |TAMS 0x0000000705700000, 0x0000000705700000| Untracked 
|  68|0x0000000705800000, 0x0000000705800000, 0x0000000705900000|  0%| F|  |TAMS 0x0000000705800000, 0x0000000705800000| Untracked 
|  69|0x0000000705900000, 0x0000000705900000, 0x0000000705a00000|  0%| F|  |TAMS 0x0000000705900000, 0x0000000705900000| Untracked 
|  70|0x0000000705a00000, 0x0000000705a00000, 0x0000000705b00000|  0%| F|  |TAMS 0x0000000705a00000, 0x0000000705a00000| Untracked 
|  71|0x0000000705b00000, 0x0000000705b00000, 0x0000000705c00000|  0%| F|  |TAMS 0x0000000705b00000, 0x0000000705b00000| Untracked 
|  72|0x0000000705c00000, 0x0000000705c00000, 0x0000000705d00000|  0%| F|  |TAMS 0x0000000705c00000, 0x0000000705c00000| Untracked 
|  73|0x0000000705d00000, 0x0000000705d00000, 0x0000000705e00000|  0%| F|  |TAMS 0x0000000705d00000, 0x0000000705d00000| Untracked 
|  74|0x0000000705e00000, 0x0000000705e00000, 0x0000000705f00000|  0%| F|  |TAMS 0x0000000705e00000, 0x0000000705e00000| Untracked 
|  75|0x0000000705f00000, 0x0000000705f00000, 0x0000000706000000|  0%| F|  |TAMS 0x0000000705f00000, 0x0000000705f00000| Untracked 
|  76|0x0000000706000000, 0x0000000706000000, 0x0000000706100000|  0%| F|  |TAMS 0x0000000706000000, 0x0000000706000000| Untracked 
|  77|0x0000000706100000, 0x0000000706100000, 0x0000000706200000|  0%| F|  |TAMS 0x0000000706100000, 0x0000000706100000| Untracked 
|  78|0x0000000706200000, 0x0000000706200000, 0x0000000706300000|  0%| F|  |TAMS 0x0000000706200000, 0x0000000706200000| Untracked 
|  79|0x0000000706300000, 0x0000000706300000, 0x0000000706400000|  0%| F|  |TAMS 0x0000000706300000, 0x0000000706300000| Untracked 
|  80|0x0000000706400000, 0x0000000706400000, 0x0000000706500000|  0%| F|  |TAMS 0x0000000706400000, 0x0000000706400000| Untracked 
|  81|0x0000000706500000, 0x0000000706500000, 0x0000000706600000|  0%| F|  |TAMS 0x0000000706500000, 0x0000000706500000| Untracked 
|  82|0x0000000706600000, 0x0000000706600000, 0x0000000706700000|  0%| F|  |TAMS 0x0000000706600000, 0x0000000706600000| Untracked 
|  83|0x0000000706700000, 0x0000000706700000, 0x0000000706800000|  0%| F|  |TAMS 0x0000000706700000, 0x0000000706700000| Untracked 
|  84|0x0000000706800000, 0x0000000706800000, 0x0000000706900000|  0%| F|  |TAMS 0x0000000706800000, 0x0000000706800000| Untracked 
|  85|0x0000000706900000, 0x0000000706900000, 0x0000000706a00000|  0%| F|  |TAMS 0x0000000706900000, 0x0000000706900000| Untracked 
|  86|0x0000000706a00000, 0x0000000706a00000, 0x0000000706b00000|  0%| F|  |TAMS 0x0000000706a00000, 0x0000000706a00000| Untracked 
|  87|0x0000000706b00000, 0x0000000706b00000, 0x0000000706c00000|  0%| F|  |TAMS 0x0000000706b00000, 0x0000000706b00000| Untracked 
|  88|0x0000000706c00000, 0x0000000706c00000, 0x0000000706d00000|  0%| F|  |TAMS 0x0000000706c00000, 0x0000000706c00000| Untracked 
|  89|0x0000000706d00000, 0x0000000706d00000, 0x0000000706e00000|  0%| F|  |TAMS 0x0000000706d00000, 0x0000000706d00000| Untracked 
|  90|0x0000000706e00000, 0x0000000706e00000, 0x0000000706f00000|  0%| F|  |TAMS 0x0000000706e00000, 0x0000000706e00000| Untracked 
|  91|0x0000000706f00000, 0x0000000706f00000, 0x0000000707000000|  0%| F|  |TAMS 0x0000000706f00000, 0x0000000706f00000| Untracked 
|  92|0x0000000707000000, 0x0000000707000000, 0x0000000707100000|  0%| F|  |TAMS 0x0000000707000000, 0x0000000707000000| Untracked 
|  93|0x0000000707100000, 0x0000000707100000, 0x0000000707200000|  0%| F|  |TAMS 0x0000000707100000, 0x0000000707100000| Untracked 
|  94|0x0000000707200000, 0x0000000707200000, 0x0000000707300000|  0%| F|  |TAMS 0x0000000707200000, 0x0000000707200000| Untracked 
|  95|0x0000000707300000, 0x0000000707300000, 0x0000000707400000|  0%| F|  |TAMS 0x0000000707300000, 0x0000000707300000| Untracked 
|  96|0x0000000707400000, 0x0000000707400000, 0x0000000707500000|  0%| F|  |TAMS 0x0000000707400000, 0x0000000707400000| Untracked 
|  97|0x0000000707500000, 0x0000000707500000, 0x0000000707600000|  0%| F|  |TAMS 0x0000000707500000, 0x0000000707500000| Untracked 
|  98|0x0000000707600000, 0x0000000707600000, 0x0000000707700000|  0%| F|  |TAMS 0x0000000707600000, 0x0000000707600000| Untracked 
|  99|0x0000000707700000, 0x0000000707700000, 0x0000000707800000|  0%| F|  |TAMS 0x0000000707700000, 0x0000000707700000| Untracked 
| 100|0x0000000707800000, 0x0000000707800000, 0x0000000707900000|  0%| F|  |TAMS 0x0000000707800000, 0x0000000707800000| Untracked 
| 101|0x0000000707900000, 0x0000000707900000, 0x0000000707a00000|  0%| F|  |TAMS 0x0000000707900000, 0x0000000707900000| Untracked 
| 102|0x0000000707a00000, 0x0000000707a00000, 0x0000000707b00000|  0%| F|  |TAMS 0x0000000707a00000, 0x0000000707a00000| Untracked 
| 103|0x0000000707b00000, 0x0000000707b00000, 0x0000000707c00000|  0%| F|  |TAMS 0x0000000707b00000, 0x0000000707b00000| Untracked 
| 104|0x0000000707c00000, 0x0000000707c00000, 0x0000000707d00000|  0%| F|  |TAMS 0x0000000707c00000, 0x0000000707c00000| Untracked 
| 105|0x0000000707d00000, 0x0000000707d00000, 0x0000000707e00000|  0%| F|  |TAMS 0x0000000707d00000, 0x0000000707d00000| Untracked 
| 106|0x0000000707e00000, 0x0000000707e00000, 0x0000000707f00000|  0%| F|  |TAMS 0x0000000707e00000, 0x0000000707e00000| Untracked 
| 107|0x0000000707f00000, 0x0000000707f00000, 0x0000000708000000|  0%| F|  |TAMS 0x0000000707f00000, 0x0000000707f00000| Untracked 
| 108|0x0000000708000000, 0x0000000708000000, 0x0000000708100000|  0%| F|  |TAMS 0x0000000708000000, 0x0000000708000000| Untracked 
| 109|0x0000000708100000, 0x0000000708100000, 0x0000000708200000|  0%| F|  |TAMS 0x0000000708100000, 0x0000000708100000| Untracked 
| 110|0x0000000708200000, 0x0000000708200000, 0x0000000708300000|  0%| F|  |TAMS 0x0000000708200000, 0x0000000708200000| Untracked 
| 111|0x0000000708300000, 0x0000000708300000, 0x0000000708400000|  0%| F|  |TAMS 0x0000000708300000, 0x0000000708300000| Untracked 
| 112|0x0000000708400000, 0x0000000708400000, 0x0000000708500000|  0%| F|  |TAMS 0x0000000708400000, 0x0000000708400000| Untracked 
| 113|0x0000000708500000, 0x0000000708500000, 0x0000000708600000|  0%| F|  |TAMS 0x0000000708500000, 0x0000000708500000| Untracked 
| 114|0x0000000708600000, 0x0000000708600000, 0x0000000708700000|  0%| F|  |TAMS 0x0000000708600000, 0x0000000708600000| Untracked 
| 115|0x0000000708700000, 0x0000000708700000, 0x0000000708800000|  0%| F|  |TAMS 0x0000000708700000, 0x0000000708700000| Untracked 
| 116|0x0000000708800000, 0x0000000708800000, 0x0000000708900000|  0%| F|  |TAMS 0x0000000708800000, 0x0000000708800000| Untracked 
| 117|0x0000000708900000, 0x0000000708900000, 0x0000000708a00000|  0%| F|  |TAMS 0x0000000708900000, 0x0000000708900000| Untracked 
| 118|0x0000000708a00000, 0x0000000708a00000, 0x0000000708b00000|  0%| F|  |TAMS 0x0000000708a00000, 0x0000000708a00000| Untracked 
| 119|0x0000000708b00000, 0x0000000708b00000, 0x0000000708c00000|  0%| F|  |TAMS 0x0000000708b00000, 0x0000000708b00000| Untracked 
| 120|0x0000000708c00000, 0x0000000708c00000, 0x0000000708d00000|  0%| F|  |TAMS 0x0000000708c00000, 0x0000000708c00000| Untracked 
| 121|0x0000000708d00000, 0x0000000708d00000, 0x0000000708e00000|  0%| F|  |TAMS 0x0000000708d00000, 0x0000000708d00000| Untracked 
| 122|0x0000000708e00000, 0x0000000708e00000, 0x0000000708f00000|  0%| F|  |TAMS 0x0000000708e00000, 0x0000000708e00000| Untracked 
| 123|0x0000000708f00000, 0x0000000708f00000, 0x0000000709000000|  0%| F|  |TAMS 0x0000000708f00000, 0x0000000708f00000| Untracked 
| 124|0x0000000709000000, 0x0000000709000000, 0x0000000709100000|  0%| F|  |TAMS 0x0000000709000000, 0x0000000709000000| Untracked 
| 125|0x0000000709100000, 0x0000000709100000, 0x0000000709200000|  0%| F|  |TAMS 0x0000000709100000, 0x0000000709100000| Untracked 
| 126|0x0000000709200000, 0x0000000709200000, 0x0000000709300000|  0%| F|  |TAMS 0x0000000709200000, 0x0000000709200000| Untracked 
| 127|0x0000000709300000, 0x0000000709300000, 0x0000000709400000|  0%| F|  |TAMS 0x0000000709300000, 0x0000000709300000| Untracked 
| 128|0x0000000709400000, 0x0000000709400000, 0x0000000709500000|  0%| F|  |TAMS 0x0000000709400000, 0x0000000709400000| Untracked 
| 129|0x0000000709500000, 0x0000000709500000, 0x0000000709600000|  0%| F|  |TAMS 0x0000000709500000, 0x0000000709500000| Untracked 
| 130|0x0000000709600000, 0x0000000709600000, 0x0000000709700000|  0%| F|  |TAMS 0x0000000709600000, 0x0000000709600000| Untracked 
| 131|0x0000000709700000, 0x0000000709700000, 0x0000000709800000|  0%| F|  |TAMS 0x0000000709700000, 0x0000000709700000| Untracked 
| 132|0x0000000709800000, 0x0000000709800000, 0x0000000709900000|  0%| F|  |TAMS 0x0000000709800000, 0x0000000709800000| Untracked 
| 133|0x0000000709900000, 0x0000000709900000, 0x0000000709a00000|  0%| F|  |TAMS 0x0000000709900000, 0x0000000709900000| Untracked 
| 134|0x0000000709a00000, 0x0000000709a00000, 0x0000000709b00000|  0%| F|  |TAMS 0x0000000709a00000, 0x0000000709a00000| Untracked 
| 135|0x0000000709b00000, 0x0000000709b00000, 0x0000000709c00000|  0%| F|  |TAMS 0x0000000709b00000, 0x0000000709b00000| Untracked 
| 136|0x0000000709c00000, 0x0000000709c00000, 0x0000000709d00000|  0%| F|  |TAMS 0x0000000709c00000, 0x0000000709c00000| Untracked 
| 137|0x0000000709d00000, 0x0000000709d00000, 0x0000000709e00000|  0%| F|  |TAMS 0x0000000709d00000, 0x0000000709d00000| Untracked 
| 138|0x0000000709e00000, 0x0000000709e00000, 0x0000000709f00000|  0%| F|  |TAMS 0x0000000709e00000, 0x0000000709e00000| Untracked 
| 139|0x0000000709f00000, 0x0000000709f00000, 0x000000070a000000|  0%| F|  |TAMS 0x0000000709f00000, 0x0000000709f00000| Untracked 
| 140|0x000000070a000000, 0x000000070a000000, 0x000000070a100000|  0%| F|  |TAMS 0x000000070a000000, 0x000000070a000000| Untracked 
| 141|0x000000070a100000, 0x000000070a100000, 0x000000070a200000|  0%| F|  |TAMS 0x000000070a100000, 0x000000070a100000| Untracked 
| 142|0x000000070a200000, 0x000000070a200000, 0x000000070a300000|  0%| F|  |TAMS 0x000000070a200000, 0x000000070a200000| Untracked 
| 143|0x000000070a300000, 0x000000070a300000, 0x000000070a400000|  0%| F|  |TAMS 0x000000070a300000, 0x000000070a300000| Untracked 
| 144|0x000000070a400000, 0x000000070a400000, 0x000000070a500000|  0%| F|  |TAMS 0x000000070a400000, 0x000000070a400000| Untracked 
| 145|0x000000070a500000, 0x000000070a500000, 0x000000070a600000|  0%| F|  |TAMS 0x000000070a500000, 0x000000070a500000| Untracked 
| 146|0x000000070a600000, 0x000000070a600000, 0x000000070a700000|  0%| F|  |TAMS 0x000000070a600000, 0x000000070a600000| Untracked 
| 147|0x000000070a700000, 0x000000070a700000, 0x000000070a800000|  0%| F|  |TAMS 0x000000070a700000, 0x000000070a700000| Untracked 
| 148|0x000000070a800000, 0x000000070a800000, 0x000000070a900000|  0%| F|  |TAMS 0x000000070a800000, 0x000000070a800000| Untracked 
| 149|0x000000070a900000, 0x000000070a900000, 0x000000070aa00000|  0%| F|  |TAMS 0x000000070a900000, 0x000000070a900000| Untracked 
| 150|0x000000070aa00000, 0x000000070aa00000, 0x000000070ab00000|  0%| F|  |TAMS 0x000000070aa00000, 0x000000070aa00000| Untracked 
| 151|0x000000070ab00000, 0x000000070ab00000, 0x000000070ac00000|  0%| F|  |TAMS 0x000000070ab00000, 0x000000070ab00000| Untracked 
| 152|0x000000070ac00000, 0x000000070ac00000, 0x000000070ad00000|  0%| F|  |TAMS 0x000000070ac00000, 0x000000070ac00000| Untracked 
| 153|0x000000070ad00000, 0x000000070ad00000, 0x000000070ae00000|  0%| F|  |TAMS 0x000000070ad00000, 0x000000070ad00000| Untracked 
| 154|0x000000070ae00000, 0x000000070ae00000, 0x000000070af00000|  0%| F|  |TAMS 0x000000070ae00000, 0x000000070ae00000| Untracked 
| 155|0x000000070af00000, 0x000000070af00000, 0x000000070b000000|  0%| F|  |TAMS 0x000000070af00000, 0x000000070af00000| Untracked 
| 156|0x000000070b000000, 0x000000070b000000, 0x000000070b100000|  0%| F|  |TAMS 0x000000070b000000, 0x000000070b000000| Untracked 
| 157|0x000000070b100000, 0x000000070b100000, 0x000000070b200000|  0%| F|  |TAMS 0x000000070b100000, 0x000000070b100000| Untracked 
| 158|0x000000070b200000, 0x000000070b200000, 0x000000070b300000|  0%| F|  |TAMS 0x000000070b200000, 0x000000070b200000| Untracked 
| 159|0x000000070b300000, 0x000000070b300000, 0x000000070b400000|  0%| F|  |TAMS 0x000000070b300000, 0x000000070b300000| Untracked 
| 160|0x000000070b400000, 0x000000070b400000, 0x000000070b500000|  0%| F|  |TAMS 0x000000070b400000, 0x000000070b400000| Untracked 
| 161|0x000000070b500000, 0x000000070b500000, 0x000000070b600000|  0%| F|  |TAMS 0x000000070b500000, 0x000000070b500000| Untracked 
| 162|0x000000070b600000, 0x000000070b600000, 0x000000070b700000|  0%| F|  |TAMS 0x000000070b600000, 0x000000070b600000| Untracked 
| 163|0x000000070b700000, 0x000000070b700000, 0x000000070b800000|  0%| F|  |TAMS 0x000000070b700000, 0x000000070b700000| Untracked 
| 164|0x000000070b800000, 0x000000070b800000, 0x000000070b900000|  0%| F|  |TAMS 0x000000070b800000, 0x000000070b800000| Untracked 
| 165|0x000000070b900000, 0x000000070b900000, 0x000000070ba00000|  0%| F|  |TAMS 0x000000070b900000, 0x000000070b900000| Untracked 
| 166|0x000000070ba00000, 0x000000070ba00000, 0x000000070bb00000|  0%| F|  |TAMS 0x000000070ba00000, 0x000000070ba00000| Untracked 
| 167|0x000000070bb00000, 0x000000070bb00000, 0x000000070bc00000|  0%| F|  |TAMS 0x000000070bb00000, 0x000000070bb00000| Untracked 
| 168|0x000000070bc00000, 0x000000070bc00000, 0x000000070bd00000|  0%| F|  |TAMS 0x000000070bc00000, 0x000000070bc00000| Untracked 
| 169|0x000000070bd00000, 0x000000070bd00000, 0x000000070be00000|  0%| F|  |TAMS 0x000000070bd00000, 0x000000070bd00000| Untracked 
| 170|0x000000070be00000, 0x000000070be00000, 0x000000070bf00000|  0%| F|  |TAMS 0x000000070be00000, 0x000000070be00000| Untracked 
| 171|0x000000070bf00000, 0x000000070bf00000, 0x000000070c000000|  0%| F|  |TAMS 0x000000070bf00000, 0x000000070bf00000| Untracked 
| 172|0x000000070c000000, 0x000000070c000000, 0x000000070c100000|  0%| F|  |TAMS 0x000000070c000000, 0x000000070c000000| Untracked 
| 173|0x000000070c100000, 0x000000070c100000, 0x000000070c200000|  0%| F|  |TAMS 0x000000070c100000, 0x000000070c100000| Untracked 
| 174|0x000000070c200000, 0x000000070c200000, 0x000000070c300000|  0%| F|  |TAMS 0x000000070c200000, 0x000000070c200000| Untracked 
| 175|0x000000070c300000, 0x000000070c300000, 0x000000070c400000|  0%| F|  |TAMS 0x000000070c300000, 0x000000070c300000| Untracked 
| 176|0x000000070c400000, 0x000000070c400000, 0x000000070c500000|  0%| F|  |TAMS 0x000000070c400000, 0x000000070c400000| Untracked 
| 177|0x000000070c500000, 0x000000070c500000, 0x000000070c600000|  0%| F|  |TAMS 0x000000070c500000, 0x000000070c500000| Untracked 
| 178|0x000000070c600000, 0x000000070c600000, 0x000000070c700000|  0%| F|  |TAMS 0x000000070c600000, 0x000000070c600000| Untracked 
| 179|0x000000070c700000, 0x000000070c700000, 0x000000070c800000|  0%| F|  |TAMS 0x000000070c700000, 0x000000070c700000| Untracked 
| 180|0x000000070c800000, 0x000000070c800000, 0x000000070c900000|  0%| F|  |TAMS 0x000000070c800000, 0x000000070c800000| Untracked 
| 181|0x000000070c900000, 0x000000070c900000, 0x000000070ca00000|  0%| F|  |TAMS 0x000000070c900000, 0x000000070c900000| Untracked 
| 182|0x000000070ca00000, 0x000000070ca00000, 0x000000070cb00000|  0%| F|  |TAMS 0x000000070ca00000, 0x000000070ca00000| Untracked 
| 183|0x000000070cb00000, 0x000000070cb00000, 0x000000070cc00000|  0%| F|  |TAMS 0x000000070cb00000, 0x000000070cb00000| Untracked 
| 184|0x000000070cc00000, 0x000000070cc00000, 0x000000070cd00000|  0%| F|  |TAMS 0x000000070cc00000, 0x000000070cc00000| Untracked 
| 185|0x000000070cd00000, 0x000000070cd00000, 0x000000070ce00000|  0%| F|  |TAMS 0x000000070cd00000, 0x000000070cd00000| Untracked 
| 186|0x000000070ce00000, 0x000000070ce00000, 0x000000070cf00000|  0%| F|  |TAMS 0x000000070ce00000, 0x000000070ce00000| Untracked 
| 187|0x000000070cf00000, 0x000000070cf00000, 0x000000070d000000|  0%| F|  |TAMS 0x000000070cf00000, 0x000000070cf00000| Untracked 
| 188|0x000000070d000000, 0x000000070d000000, 0x000000070d100000|  0%| F|  |TAMS 0x000000070d000000, 0x000000070d000000| Untracked 
| 189|0x000000070d100000, 0x000000070d100000, 0x000000070d200000|  0%| F|  |TAMS 0x000000070d100000, 0x000000070d100000| Untracked 
| 190|0x000000070d200000, 0x000000070d200000, 0x000000070d300000|  0%| F|  |TAMS 0x000000070d200000, 0x000000070d200000| Untracked 
| 191|0x000000070d300000, 0x000000070d300000, 0x000000070d400000|  0%| F|  |TAMS 0x000000070d300000, 0x000000070d300000| Untracked 
| 192|0x000000070d400000, 0x000000070d400000, 0x000000070d500000|  0%| F|  |TAMS 0x000000070d400000, 0x000000070d400000| Untracked 
| 193|0x000000070d500000, 0x000000070d500000, 0x000000070d600000|  0%| F|  |TAMS 0x000000070d500000, 0x000000070d500000| Untracked 
| 194|0x000000070d600000, 0x000000070d600000, 0x000000070d700000|  0%| F|  |TAMS 0x000000070d600000, 0x000000070d600000| Untracked 
| 195|0x000000070d700000, 0x000000070d700000, 0x000000070d800000|  0%| F|  |TAMS 0x000000070d700000, 0x000000070d700000| Untracked 
| 196|0x000000070d800000, 0x000000070d800000, 0x000000070d900000|  0%| F|  |TAMS 0x000000070d800000, 0x000000070d800000| Untracked 
| 197|0x000000070d900000, 0x000000070d900000, 0x000000070da00000|  0%| F|  |TAMS 0x000000070d900000, 0x000000070d900000| Untracked 
| 198|0x000000070da00000, 0x000000070da00000, 0x000000070db00000|  0%| F|  |TAMS 0x000000070da00000, 0x000000070da00000| Untracked 
| 199|0x000000070db00000, 0x000000070db00000, 0x000000070dc00000|  0%| F|  |TAMS 0x000000070db00000, 0x000000070db00000| Untracked 
| 200|0x000000070dc00000, 0x000000070dc00000, 0x000000070dd00000|  0%| F|  |TAMS 0x000000070dc00000, 0x000000070dc00000| Untracked 
| 201|0x000000070dd00000, 0x000000070dd00000, 0x000000070de00000|  0%| F|  |TAMS 0x000000070dd00000, 0x000000070dd00000| Untracked 
| 202|0x000000070de00000, 0x000000070de00000, 0x000000070df00000|  0%| F|  |TAMS 0x000000070de00000, 0x000000070de00000| Untracked 
| 203|0x000000070df00000, 0x000000070df00000, 0x000000070e000000|  0%| F|  |TAMS 0x000000070df00000, 0x000000070df00000| Untracked 
| 204|0x000000070e000000, 0x000000070e000000, 0x000000070e100000|  0%| F|  |TAMS 0x000000070e000000, 0x000000070e000000| Untracked 
| 205|0x000000070e100000, 0x000000070e100000, 0x000000070e200000|  0%| F|  |TAMS 0x000000070e100000, 0x000000070e100000| Untracked 
| 206|0x000000070e200000, 0x000000070e200000, 0x000000070e300000|  0%| F|  |TAMS 0x000000070e200000, 0x000000070e200000| Untracked 
| 207|0x000000070e300000, 0x000000070e300000, 0x000000070e400000|  0%| F|  |TAMS 0x000000070e300000, 0x000000070e300000| Untracked 
| 208|0x000000070e400000, 0x000000070e400000, 0x000000070e500000|  0%| F|  |TAMS 0x000000070e400000, 0x000000070e400000| Untracked 
| 209|0x000000070e500000, 0x000000070e500000, 0x000000070e600000|  0%| F|  |TAMS 0x000000070e500000, 0x000000070e500000| Untracked 
| 210|0x000000070e600000, 0x000000070e600000, 0x000000070e700000|  0%| F|  |TAMS 0x000000070e600000, 0x000000070e600000| Untracked 
| 211|0x000000070e700000, 0x000000070e800000, 0x000000070e800000|100%| S|CS|TAMS 0x000000070e700000, 0x000000070e700000| Complete 
| 212|0x000000070e800000, 0x000000070e900000, 0x000000070e900000|100%| S|CS|TAMS 0x000000070e800000, 0x000000070e800000| Complete 
| 213|0x000000070e900000, 0x000000070ea00000, 0x000000070ea00000|100%| S|CS|TAMS 0x000000070e900000, 0x000000070e900000| Complete 
| 214|0x000000070ea00000, 0x000000070ea00000, 0x000000070eb00000|  0%| F|  |TAMS 0x000000070ea00000, 0x000000070ea00000| Untracked 
| 215|0x000000070eb00000, 0x000000070eb00000, 0x000000070ec00000|  0%| F|  |TAMS 0x000000070eb00000, 0x000000070eb00000| Untracked 
| 216|0x000000070ec00000, 0x000000070ec00000, 0x000000070ed00000|  0%| F|  |TAMS 0x000000070ec00000, 0x000000070ec00000| Untracked 
| 217|0x000000070ed00000, 0x000000070ed00000, 0x000000070ee00000|  0%| F|  |TAMS 0x000000070ed00000, 0x000000070ed00000| Untracked 
| 218|0x000000070ee00000, 0x000000070ee00000, 0x000000070ef00000|  0%| F|  |TAMS 0x000000070ee00000, 0x000000070ee00000| Untracked 
| 219|0x000000070ef00000, 0x000000070ef00000, 0x000000070f000000|  0%| F|  |TAMS 0x000000070ef00000, 0x000000070ef00000| Untracked 
| 220|0x000000070f000000, 0x000000070f000000, 0x000000070f100000|  0%| F|  |TAMS 0x000000070f000000, 0x000000070f000000| Untracked 
| 221|0x000000070f100000, 0x000000070f100000, 0x000000070f200000|  0%| F|  |TAMS 0x000000070f100000, 0x000000070f100000| Untracked 
| 222|0x000000070f200000, 0x000000070f200000, 0x000000070f300000|  0%| F|  |TAMS 0x000000070f200000, 0x000000070f200000| Untracked 
| 223|0x000000070f300000, 0x000000070f300000, 0x000000070f400000|  0%| F|  |TAMS 0x000000070f300000, 0x000000070f300000| Untracked 
| 224|0x000000070f400000, 0x000000070f400000, 0x000000070f500000|  0%| F|  |TAMS 0x000000070f400000, 0x000000070f400000| Untracked 
| 225|0x000000070f500000, 0x000000070f500000, 0x000000070f600000|  0%| F|  |TAMS 0x000000070f500000, 0x000000070f500000| Untracked 
| 226|0x000000070f600000, 0x000000070f600000, 0x000000070f700000|  0%| F|  |TAMS 0x000000070f600000, 0x000000070f600000| Untracked 
| 227|0x000000070f700000, 0x000000070f700000, 0x000000070f800000|  0%| F|  |TAMS 0x000000070f700000, 0x000000070f700000| Untracked 
| 228|0x000000070f800000, 0x000000070f800000, 0x000000070f900000|  0%| F|  |TAMS 0x000000070f800000, 0x000000070f800000| Untracked 
| 229|0x000000070f900000, 0x000000070f900000, 0x000000070fa00000|  0%| F|  |TAMS 0x000000070f900000, 0x000000070f900000| Untracked 
| 230|0x000000070fa00000, 0x000000070fa00000, 0x000000070fb00000|  0%| F|  |TAMS 0x000000070fa00000, 0x000000070fa00000| Untracked 
| 231|0x000000070fb00000, 0x000000070fb00000, 0x000000070fc00000|  0%| F|  |TAMS 0x000000070fb00000, 0x000000070fb00000| Untracked 
| 232|0x000000070fc00000, 0x000000070fc00000, 0x000000070fd00000|  0%| F|  |TAMS 0x000000070fc00000, 0x000000070fc00000| Untracked 
| 233|0x000000070fd00000, 0x000000070fd00000, 0x000000070fe00000|  0%| F|  |TAMS 0x000000070fd00000, 0x000000070fd00000| Untracked 
| 234|0x000000070fe00000, 0x000000070fe00000, 0x000000070ff00000|  0%| F|  |TAMS 0x000000070fe00000, 0x000000070fe00000| Untracked 
| 235|0x000000070ff00000, 0x000000070ff00000, 0x0000000710000000|  0%| F|  |TAMS 0x000000070ff00000, 0x000000070ff00000| Untracked 
| 236|0x0000000710000000, 0x0000000710000000, 0x0000000710100000|  0%| F|  |TAMS 0x0000000710000000, 0x0000000710000000| Untracked 
| 237|0x0000000710100000, 0x0000000710100000, 0x0000000710200000|  0%| F|  |TAMS 0x0000000710100000, 0x0000000710100000| Untracked 
| 238|0x0000000710200000, 0x0000000710200000, 0x0000000710300000|  0%| F|  |TAMS 0x0000000710200000, 0x0000000710200000| Untracked 
| 239|0x0000000710300000, 0x0000000710300000, 0x0000000710400000|  0%| F|  |TAMS 0x0000000710300000, 0x0000000710300000| Untracked 
| 240|0x0000000710400000, 0x0000000710400000, 0x0000000710500000|  0%| F|  |TAMS 0x0000000710400000, 0x0000000710400000| Untracked 
| 241|0x0000000710500000, 0x0000000710500000, 0x0000000710600000|  0%| F|  |TAMS 0x0000000710500000, 0x0000000710500000| Untracked 
| 242|0x0000000710600000, 0x0000000710600000, 0x0000000710700000|  0%| F|  |TAMS 0x0000000710600000, 0x0000000710600000| Untracked 
| 243|0x0000000710700000, 0x0000000710700000, 0x0000000710800000|  0%| F|  |TAMS 0x0000000710700000, 0x0000000710700000| Untracked 
| 244|0x0000000710800000, 0x0000000710800000, 0x0000000710900000|  0%| F|  |TAMS 0x0000000710800000, 0x0000000710800000| Untracked 
| 245|0x0000000710900000, 0x0000000710900000, 0x0000000710a00000|  0%| F|  |TAMS 0x0000000710900000, 0x0000000710900000| Untracked 
| 246|0x0000000710a00000, 0x0000000710a00000, 0x0000000710b00000|  0%| F|  |TAMS 0x0000000710a00000, 0x0000000710a00000| Untracked 
| 247|0x0000000710b00000, 0x0000000710c00000, 0x0000000710c00000|100%| E|  |TAMS 0x0000000710b00000, 0x0000000710b00000| Complete 
| 248|0x0000000710c00000, 0x0000000710d00000, 0x0000000710d00000|100%| E|CS|TAMS 0x0000000710c00000, 0x0000000710c00000| Complete 
| 249|0x0000000710d00000, 0x0000000710e00000, 0x0000000710e00000|100%| E|CS|TAMS 0x0000000710d00000, 0x0000000710d00000| Complete 
| 250|0x0000000710e00000, 0x0000000710f00000, 0x0000000710f00000|100%| E|CS|TAMS 0x0000000710e00000, 0x0000000710e00000| Complete 
| 251|0x0000000710f00000, 0x0000000711000000, 0x0000000711000000|100%| E|CS|TAMS 0x0000000710f00000, 0x0000000710f00000| Complete 
| 252|0x0000000711000000, 0x0000000711100000, 0x0000000711100000|100%| E|CS|TAMS 0x0000000711000000, 0x0000000711000000| Complete 
| 253|0x0000000711100000, 0x0000000711200000, 0x0000000711200000|100%| E|CS|TAMS 0x0000000711100000, 0x0000000711100000| Complete 
| 254|0x0000000711200000, 0x0000000711300000, 0x0000000711300000|100%| E|CS|TAMS 0x0000000711200000, 0x0000000711200000| Complete 
| 255|0x0000000711300000, 0x0000000711400000, 0x0000000711400000|100%| E|CS|TAMS 0x0000000711300000, 0x0000000711300000| Complete 

Card table byte_map: [0x00000168ca240000,0x00000168caa40000] _byte_map_base: 0x00000168c6a36000

Marking Bits (Prev, Next): (CMBitMap*) 0x00000168b33f64e0, (CMBitMap*) 0x00000168b33f64a8
 Prev Bits: [0x00000168cf1f0000, 0x00000168d31a0000)
 Next Bits: [0x00000168cb240000, 0x00000168cf1f0000)

Polling page: 0x00000168b11f0000

Metaspace:

Usage:
  Non-class:     27.23 MB capacity,    26.59 MB ( 98%) used,   538.03 KB (  2%) free+waste,   116.63 KB ( <1%) overhead. 
      Class:      4.06 MB capacity,     3.62 MB ( 89%) used,   392.49 KB (  9%) free+waste,    60.75 KB (  1%) overhead. 
       Both:     31.29 MB capacity,    30.21 MB ( 97%) used,   930.52 KB (  3%) free+waste,   177.38 KB ( <1%) overhead. 

Virtual space:
  Non-class space:       28.00 MB reserved,      27.42 MB ( 98%) committed 
      Class space:        1.00 GB reserved,       4.13 MB ( <1%) committed 
             Both:        1.03 GB reserved,      31.55 MB (  3%) committed 

Chunk freelists:
   Non-Class:  768 bytes
       Class:  384 bytes
        Both:  1.13 KB

CodeHeap 'non-profiled nmethods': size=120064Kb used=1103Kb max_used=1103Kb free=118960Kb
 bounds [0x00000168c2500000, 0x00000168c2770000, 0x00000168c9a40000]
CodeHeap 'profiled nmethods': size=120000Kb used=4652Kb max_used=4652Kb free=115347Kb
 bounds [0x00000168bafd0000, 0x00000168bb460000, 0x00000168c2500000]
CodeHeap 'non-nmethods': size=5696Kb used=1222Kb max_used=1241Kb free=4473Kb
 bounds [0x00000168baa40000, 0x00000168bacb0000, 0x00000168bafd0000]
 total_blobs=2923 nmethods=2347 adapters=487
 compilation: enabled
              stopped_count=0, restarted_count=0
 full_count=0

Compilation events (10 events):
Event: 9.067 Thread 0x00000168d5faa800 nmethod 2343 0x00000168bb458c10 code [0x00000168bb458e20, 0x00000168bb459508]
Event: 9.067 Thread 0x00000168d5faa800 2344       3       java.lang.reflect.ProxyGenerator$ExceptionTableEntry::<init> (26 bytes)
Event: 9.067 Thread 0x00000168d5faa800 nmethod 2344 0x00000168bb459810 code [0x00000168bb4599a0, 0x00000168bb459b18]
Event: 9.067 Thread 0x00000168d5faa800 2345       3       java.lang.reflect.ProxyGenerator$ConstantPool::getFieldRef (33 bytes)
Event: 9.067 Thread 0x00000168d5fa4800 2346       4       java.io.DataOutputStream::writeByte (14 bytes)
Event: 9.069 Thread 0x00000168d5faa800 nmethod 2345 0x00000168bb459c10 code [0x00000168bb459ec0, 0x00000168bb45ab68]
Event: 9.069 Thread 0x00000168d5faa800 2342       1       java.lang.reflect.Method::getSharedExceptionTypes (5 bytes)
Event: 9.069 Thread 0x00000168d5faa800 nmethod 2342 0x00000168c2613890 code [0x00000168c2613a20, 0x00000168c2613ad8]
Event: 9.072 Thread 0x00000168d5faa800 2348       3       jdk.internal.misc.Unsafe::toUnsignedInt (6 bytes)
Event: 9.072 Thread 0x00000168d5faa800 nmethod 2348 0x00000168bb45b090 code [0x00000168bb45b220, 0x00000168bb45b2f8]

GC Heap History (6 events):
Event: 0.468 GC heap before
{Heap before GC invocations=0 (full 0):
 garbage-first heap   total 262144K, used 14336K [0x0000000701400000, 0x0000000800000000)
  region size 1024K, 14 young (14336K), 0 survivors (0K)
 Metaspace       used 8634K, capacity 8776K, committed 9088K, reserved 1056768K
  class space    used 797K, capacity 838K, committed 896K, reserved 1048576K
}
Event: 0.472 GC heap after
{Heap after GC invocations=1 (full 0):
 garbage-first heap   total 262144K, used 3717K [0x0000000701400000, 0x0000000800000000)
  region size 1024K, 2 young (2048K), 2 survivors (2048K)
 Metaspace       used 8634K, capacity 8776K, committed 9088K, reserved 1056768K
  class space    used 797K, capacity 838K, committed 896K, reserved 1048576K
}
Event: 1.896 GC heap before
{Heap before GC invocations=1 (full 0):
 garbage-first heap   total 262144K, used 54917K [0x0000000701400000, 0x0000000800000000)
  region size 1024K, 53 young (54272K), 2 survivors (2048K)
 Metaspace       used 20511K, capacity 21184K, committed 21296K, reserved 1069056K
  class space    used 2335K, capacity 2653K, committed 2688K, reserved 1048576K
}
Event: 1.903 GC heap after
{Heap after GC invocations=2 (full 0):
 garbage-first heap   total 262144K, used 6859K [0x0000000701400000, 0x0000000800000000)
  region size 1024K, 6 young (6144K), 6 survivors (6144K)
 Metaspace       used 20511K, capacity 21184K, committed 21296K, reserved 1069056K
  class space    used 2335K, capacity 2653K, committed 2688K, reserved 1048576K
}
Event: 4.516 GC heap before
{Heap before GC invocations=3 (full 0):
 garbage-first heap   total 262144K, used 54987K [0x0000000701400000, 0x0000000800000000)
  region size 1024K, 48 young (49152K), 6 survivors (6144K)
 Metaspace       used 29877K, capacity 30899K, committed 31152K, reserved 1077248K
  class space    used 3562K, capacity 3969K, committed 4096K, reserved 1048576K
}
Event: 4.527 GC heap after
{Heap after GC invocations=4 (full 0):
 garbage-first heap   total 262144K, used 15219K [0x0000000701400000, 0x0000000800000000)
  region size 1024K, 3 young (3072K), 3 survivors (3072K)
 Metaspace       used 29877K, capacity 30899K, committed 31152K, reserved 1077248K
  class space    used 3562K, capacity 3969K, committed 4096K, reserved 1048576K
}

Deoptimization events (10 events):
Event: 2.115 Thread 0x00000168b3396000 Uncommon trap: reason=class_check action=maybe_recompile pc=0x00000168c25ce3e0 method=java.util.regex.Pattern$Branch.match(Ljava/util/regex/Matcher;ILjava/lang/CharSequence;)Z @ 32 c2
Event: 2.116 Thread 0x00000168b3396000 Uncommon trap: reason=class_check action=maybe_recompile pc=0x00000168c25ce3e0 method=java.util.regex.Pattern$Branch.match(Ljava/util/regex/Matcher;ILjava/lang/CharSequence;)Z @ 32 c2
Event: 2.116 Thread 0x00000168b3396000 Uncommon trap: reason=class_check action=maybe_recompile pc=0x00000168c25ce3e0 method=java.util.regex.Pattern$Branch.match(Ljava/util/regex/Matcher;ILjava/lang/CharSequence;)Z @ 32 c2
Event: 2.126 Thread 0x00000168b3396000 Uncommon trap: reason=unstable_if action=reinterpret pc=0x00000168c2597cc4 method=java.lang.String.replace(CC)Ljava/lang/String; @ 2 c2
Event: 2.147 Thread 0x00000168d79d2800 Uncommon trap: reason=unstable_if action=reinterpret pc=0x00000168c25b11c8 method=java.lang.CharacterDataLatin1.digit(II)I @ 12 c2
Event: 2.668 Thread 0x00000168d79d2800 Uncommon trap: reason=unstable_if action=reinterpret pc=0x00000168c25b0e44 method=java.lang.CharacterDataLatin1.digit(II)I @ 12 c2
Event: 2.714 Thread 0x00000168b3396000 Uncommon trap: reason=unstable_if action=reinterpret pc=0x00000168c255fe90 method=jdk.internal.org.objectweb.asm.Type.getArgumentsAndReturnSizes(Ljava/lang/String;)I @ 41 c2
Event: 2.714 Thread 0x00000168b3396000 Uncommon trap: reason=unstable_if action=reinterpret pc=0x00000168c25d9b78 method=jdk.internal.org.objectweb.asm.Type.getArgumentsAndReturnSizes(Ljava/lang/String;)I @ 41 c2
Event: 4.491 Thread 0x00000168b3396000 Uncommon trap: reason=unstable_if action=reinterpret pc=0x00000168c25a1474 method=java.util.concurrent.ConcurrentHashMap.putVal(Ljava/lang/Object;Ljava/lang/Object;Z)Ljava/lang/Object; @ 256 c2
Event: 4.664 Thread 0x00000168d74d8800 Uncommon trap: reason=unstable_if action=reinterpret pc=0x00000168c25c5a58 method=java.io.ByteArrayInputStream.read()I @ 8 c2

Classes redefined (0 events):
No events

Internal exceptions (10 events):
Event: 2.653 Thread 0x00000168d79d2800 Exception <a 'java/net/SocketTimeoutException'{0x0000000710208260}: connect timed out> (0x0000000710208260) thrown at [./open/src/hotspot/share/prims/jni.cpp, line 632]
Event: 2.714 Thread 0x00000168b3396000 Exception <a 'java/lang/NoSuchMethodError'{0x000000071013fd50}: java.lang.invoke.DirectMethodHandle$Holder.invokeVirtual(Ljava/lang/Object;Ljava/lang/Object;)D> (0x000000071013fd50) thrown at [./open/src/hotspot/share/interpreter/linkResolver.cpp, line 77
Event: 2.715 Thread 0x00000168b3396000 Exception <a 'java/lang/NoSuchMethodError'{0x0000000710145db0}: java.lang.invoke.DirectMethodHandle$Holder.invokeVirtual(Ljava/lang/Object;Ljava/lang/Object;)F> (0x0000000710145db0) thrown at [./open/src/hotspot/share/interpreter/linkResolver.cpp, line 77
Event: 2.716 Thread 0x00000168b3396000 Exception <a 'java/lang/NoSuchMethodError'{0x000000071014e4f0}: java.lang.invoke.DirectMethodHandle$Holder.invokeVirtual(Ljava/lang/Object;Ljava/lang/Object;)J> (0x000000071014e4f0) thrown at [./open/src/hotspot/share/interpreter/linkResolver.cpp, line 77
Event: 2.721 Thread 0x00000168b3396000 Exception <a 'java/lang/NoSuchMethodError'{0x000000071018af40}: java.lang.invoke.DirectMethodHandle$Holder.invokeVirtual(Ljava/lang/Object;Ljava/lang/Object;Ljava/lang/Object;)Ljava/lang/Object;> (0x000000071018af40) thrown at [./open/src/hotspot/share/in
Event: 2.745 Thread 0x00000168b3396000 Exception <a 'java/lang/NoSuchMethodError'{0x00000007100c37a0}: java.lang.invoke.DirectMethodHandle$Holder.invokeStatic(Ljava/lang/Object;Ljava/lang/Object;I)V> (0x00000007100c37a0) thrown at [./open/src/hotspot/share/interpreter/linkResolver.cpp, line 77
Event: 2.792 Thread 0x00000168b3396000 Exception <a 'java/lang/NoSuchMethodError'{0x000000070fd4d930}: java.lang.invoke.DirectMethodHandle$Holder.invokeSpecialIFC(Ljava/lang/Object;Ljava/lang/Object;Ljava/lang/Object;)I> (0x000000070fd4d930) thrown at [./open/src/hotspot/share/interpreter/link
Event: 2.875 Thread 0x00000168b3396000 Exception <a 'java/lang/NoSuchMethodError'{0x000000070f705040}: java.lang.invoke.DirectMethodHandle$Holder.invokeSpecial(Ljava/lang/Object;Ljava/lang/Object;Ljava/lang/Object;Ljava/lang/Object;Ljava/lang/Object;Ljava/lang/Object;)V> (0x000000070f705040) t
Event: 4.472 Thread 0x00000168b3396000 Exception <a 'java/lang/NoSuchMethodError'{0x000000070ebf9bb0}: java.lang.invoke.DirectMethodHandle$Holder.invokeSpecialIFC(Ljava/lang/Object;Ljava/lang/Object;Ljava/lang/Object;)Ljava/lang/Object;> (0x000000070ebf9bb0) thrown at [./open/src/hotspot/share
Event: 4.508 Thread 0x00000168b3396000 Exception <a 'java/lang/ClassNotFoundException'{0x000000070eae6148}: sun/util/logging/resources/spi/loggingProvider> (0x000000070eae6148) thrown at [./open/src/hotspot/share/classfile/systemDictionary.cpp, line 226]

Events (10 events):
Event: 9.065 loading class org/openqa/selenium/support/How$10
Event: 9.065 loading class org/openqa/selenium/support/How$10 done
Event: 9.066 loading class org/openqa/selenium/support/PageFactoryFinder
Event: 9.066 loading class org/openqa/selenium/support/PageFactoryFinder done
Event: 9.071 loading class org/openqa/selenium/support/FindBys
Event: 9.071 loading class org/openqa/selenium/support/FindBys done
Event: 9.071 loading class org/openqa/selenium/support/FindAll
Event: 9.071 loading class org/openqa/selenium/support/FindAll done
Event: 9.072 loading class java/lang/annotation/ElementType
Event: 9.072 loading class java/lang/annotation/ElementType done


Dynamic libraries:
0x00007ff65dfc0000 - 0x00007ff65dfcf000 	C:\Program Files\Java\jdk-11.0.15.1\bin\javaw.exe
0x00007ffe9e470000 - 0x00007ffe9e668000 	C:\WINDOWS\SYSTEM32\ntdll.dll
0x00007ffe9c4d0000 - 0x00007ffe9c58d000 	C:\WINDOWS\System32\KERNEL32.DLL
0x00007ffe9bc20000 - 0x00007ffe9beee000 	C:\WINDOWS\System32\KERNELBASE.dll
0x00007ffe9bfe0000 - 0x00007ffe9c0e0000 	C:\WINDOWS\System32\ucrtbase.dll
0x00007ffe95da0000 - 0x00007ffe95db8000 	C:\Program Files\Java\jdk-11.0.15.1\bin\jli.dll
0x00007ffe9c590000 - 0x00007ffe9c63e000 	C:\WINDOWS\System32\ADVAPI32.dll
0x00007ffe9d2f0000 - 0x00007ffe9d38e000 	C:\WINDOWS\System32\msvcrt.dll
0x00007ffe9d3a0000 - 0x00007ffe9d43c000 	C:\WINDOWS\System32\sechost.dll
0x00007ffe9e2a0000 - 0x00007ffe9e3c5000 	C:\WINDOWS\System32\RPCRT4.dll
0x00007ffe9d510000 - 0x00007ffe9d6b0000 	C:\WINDOWS\System32\USER32.dll
0x00007ffe9c1f0000 - 0x00007ffe9c212000 	C:\WINDOWS\System32\win32u.dll
0x00007ffe9e270000 - 0x00007ffe9e29a000 	C:\WINDOWS\System32\GDI32.dll
0x00007ffe9c0e0000 - 0x00007ffe9c1eb000 	C:\WINDOWS\System32\gdi32full.dll
0x00007ffe9c430000 - 0x00007ffe9c4cd000 	C:\WINDOWS\System32\msvcp_win.dll
0x00007ffe90700000 - 0x00007ffe9099a000 	C:\WINDOWS\WinSxS\amd64_microsoft.windows.common-controls_6595b64144ccf1df_6.0.19041.1110_none_60b5254171f9507e\COMCTL32.dll
0x00007ffe95780000 - 0x00007ffe9578a000 	C:\WINDOWS\SYSTEM32\VERSION.dll
0x00007ffe95760000 - 0x00007ffe95775000 	C:\Program Files\Java\jdk-11.0.15.1\bin\VCRUNTIME140.dll
0x00007ffe9c6a0000 - 0x00007ffe9c6d0000 	C:\WINDOWS\System32\IMM32.DLL
0x00007ffe7b6d0000 - 0x00007ffe7b76b000 	C:\Program Files\Java\jdk-11.0.15.1\bin\msvcp140.dll
0x00007ffe36670000 - 0x00007ffe37186000 	C:\Program Files\Java\jdk-11.0.15.1\bin\server\jvm.dll
0x00007ffe9d390000 - 0x00007ffe9d398000 	C:\WINDOWS\System32\PSAPI.DLL
0x00007ffe8c5b0000 - 0x00007ffe8c5b9000 	C:\WINDOWS\SYSTEM32\WSOCK32.dll
0x00007ffe8d510000 - 0x00007ffe8d537000 	C:\WINDOWS\SYSTEM32\WINMM.dll
0x00007ffe9d250000 - 0x00007ffe9d2bb000 	C:\WINDOWS\System32\WS2_32.dll
0x00007ffe9a430000 - 0x00007ffe9a442000 	C:\WINDOWS\SYSTEM32\kernel.appcore.dll
0x00007ffe95d40000 - 0x00007ffe95d50000 	C:\Program Files\Java\jdk-11.0.15.1\bin\verify.dll
0x00007ffe9a0f0000 - 0x00007ffe9a2d4000 	C:\WINDOWS\SYSTEM32\DBGHELP.DLL
0x00007ffe93900000 - 0x00007ffe9392c000 	C:\WINDOWS\SYSTEM32\dbgcore.DLL
0x00007ffe9bb90000 - 0x00007ffe9bc12000 	C:\WINDOWS\System32\bcryptPrimitives.dll
0x00007ffe94fe0000 - 0x00007ffe95008000 	C:\Program Files\Java\jdk-11.0.15.1\bin\java.dll
0x00007ffe95640000 - 0x00007ffe9564a000 	C:\Program Files\Java\jdk-11.0.15.1\bin\jimage.dll
0x00007ffe94fb0000 - 0x00007ffe94fc6000 	C:\Program Files\Java\jdk-11.0.15.1\bin\zip.dll
0x00007ffe9da10000 - 0x00007ffe9e154000 	C:\WINDOWS\System32\SHELL32.dll
0x00007ffe99940000 - 0x00007ffe9a0d4000 	C:\WINDOWS\SYSTEM32\windows.storage.dll
0x00007ffe9d6b0000 - 0x00007ffe9da04000 	C:\WINDOWS\System32\combase.dll
0x00007ffe9b5f0000 - 0x00007ffe9b620000 	C:\WINDOWS\SYSTEM32\Wldp.dll
0x00007ffe9ceb0000 - 0x00007ffe9cf5d000 	C:\WINDOWS\System32\SHCORE.dll
0x00007ffe9e160000 - 0x00007ffe9e1b5000 	C:\WINDOWS\System32\shlwapi.dll
0x00007ffe9bad0000 - 0x00007ffe9baef000 	C:\WINDOWS\SYSTEM32\profapi.dll
0x00007ffe95d50000 - 0x00007ffe95d69000 	C:\Program Files\Java\jdk-11.0.15.1\bin\net.dll
0x00007ffe92790000 - 0x00007ffe9289a000 	C:\WINDOWS\SYSTEM32\WINHTTP.dll
0x00007ffe9b350000 - 0x00007ffe9b3ba000 	C:\WINDOWS\system32\mswsock.dll
0x00007ffe95650000 - 0x00007ffe95662000 	C:\Program Files\Java\jdk-11.0.15.1\bin\nio.dll
0x00007ffe9b010000 - 0x00007ffe9b0da000 	C:\WINDOWS\SYSTEM32\DNSAPI.dll
0x00007ffe9afc0000 - 0x00007ffe9affb000 	C:\WINDOWS\SYSTEM32\IPHLPAPI.DLL
0x00007ffe9d2e0000 - 0x00007ffe9d2e8000 	C:\WINDOWS\System32\NSI.dll
0x00007ffe93aa0000 - 0x00007ffe93aaa000 	C:\Windows\System32\rasadhlp.dll
0x00007ffe91100000 - 0x00007ffe91180000 	C:\WINDOWS\System32\fwpuclnt.dll
0x00007ffe9bf40000 - 0x00007ffe9bf67000 	C:\WINDOWS\System32\bcrypt.dll
0x00007ffe9b550000 - 0x00007ffe9b568000 	C:\WINDOWS\SYSTEM32\CRYPTSP.dll
0x00007ffe9ac20000 - 0x00007ffe9ac54000 	C:\WINDOWS\system32\rsaenh.dll
0x00007ffe9ba90000 - 0x00007ffe9babe000 	C:\WINDOWS\SYSTEM32\USERENV.dll
0x00007ffe9b540000 - 0x00007ffe9b54c000 	C:\WINDOWS\SYSTEM32\CRYPTBASE.dll
0x00007ffe930d0000 - 0x00007ffe930e7000 	C:\WINDOWS\SYSTEM32\dhcpcsvc6.DLL
0x00007ffe92ec0000 - 0x00007ffe92edd000 	C:\WINDOWS\SYSTEM32\dhcpcsvc.DLL
0x00007ffe96170000 - 0x00007ffe96179000 	C:\Program Files\Java\jdk-11.0.15.1\bin\management.dll
0x00007ffe95fb0000 - 0x00007ffe95fbb000 	C:\Program Files\Java\jdk-11.0.15.1\bin\management_ext.dll
0x00007ffe92f00000 - 0x00007ffe92f25000 	C:\Program Files\Java\jdk-11.0.15.1\bin\sunec.dll
0x00007ffe82c80000 - 0x00007ffe82c97000 	C:\WINDOWS\system32\napinsp.dll
0x00007ffe827e0000 - 0x00007ffe827fb000 	C:\WINDOWS\system32\pnrpnsp.dll
0x00007ffe96730000 - 0x00007ffe96745000 	C:\WINDOWS\system32\wshbth.dll
0x00007ffe94530000 - 0x00007ffe9454d000 	C:\WINDOWS\system32\NLAapi.dll
0x00007ffe827c0000 - 0x00007ffe827d2000 	C:\WINDOWS\System32\winrnr.dll

dbghelp: loaded successfully - version: 4.0.5 - missing functions: none
symbol engine: initialized successfully - sym options: 0x614 - pdb path: .;C:\Program Files\Java\jdk-11.0.15.1\bin;C:\WINDOWS\SYSTEM32;C:\WINDOWS\WinSxS\amd64_microsoft.windows.common-controls_6595b64144ccf1df_6.0.19041.1110_none_60b5254171f9507e;C:\Program Files\Java\jdk-11.0.15.1\bin\server

VM Arguments:
jvm_args: -ea -Dfile.encoding=UTF-8 
java_command: org.testng.remote.RemoteTestNG -serport 62895 -protocol json -d D:\Users\samsung\Desktop\SQA\Projects\EclipseWorkSpace\MVN_POM_TstNG\test-output C:\Users\samsung\AppData\Local\Temp\testng-eclipse--354784104\testng-customsuite.xml
java_class_path (initial): C:\Users\samsung\eclipse\java-2022-06\eclipse\configuration\org.eclipse.osgi\429\0\.cp\lib\testng-remote.jar;D:\Users\samsung\Desktop\SQA\Projects\EclipseWorkSpace\MVN_POM_TstNG\target\test-classes;D:\Users\samsung\Desktop\SQA\Projects\EclipseWorkSpace\MVN_POM_TstNG\target\classes;C:\Users\samsung\.m2\repository\org\seleniumhq\selenium\selenium-java\4.4.0\selenium-java-4.4.0.jar;C:\Users\samsung\.m2\repository\org\seleniumhq\selenium\selenium-api\4.4.0\selenium-api-4.4.0.jar;C:\Users\samsung\.m2\repository\org\seleniumhq\selenium\selenium-chrome-driver\4.4.0\selenium-chrome-driver-4.4.0.jar;C:\Users\samsung\.m2\repository\com\google\auto\service\auto-service-annotations\1.0.1\auto-service-annotations-1.0.1.jar;C:\Users\samsung\.m2\repository\com\google\auto\service\auto-service\1.0.1\auto-service-1.0.1.jar;C:\Users\samsung\.m2\repository\com\google\auto\auto-common\1.2\auto-common-1.2.jar;C:\Users\samsung\.m2\repository\com\google\guava\guava\31.1-jre\guava-31.1-jre.jar;C:\Users\samsung\.m2\repository\com\google\guava\failureaccess\1.0.1\failureaccess-1.0.1.jar;C:\Users\samsung\.m2\repository\com\google\guava\listenablefuture\9999.0-empty-to-avoid-conflict-with-guava\listenablefuture-9999.0-empty-to-avoid-conflict-with-guava.jar;C:\Users\samsung\.m2\repository\org\checkerframework\checker-qual\3.12.0\checker-qual-3.12.0.jar;C:\Users\samsung\.m2\repository\com\google\errorprone\error_prone_annotations\2.11.0\error_prone_annotations-2.11.0.jar;C:\Users\samsung\.m2\repository\com\google\j2objc\j2objc-annotations\1.3\j2objc-annotations-1.3.jar;C:\Users\samsung\.m2\repository\org\seleniumhq\selenium\selenium-chromium-driver\4.4.0\selenium-chromium-driver-4.4.0.jar;C:\Users\samsung\.m2\repository\org\seleniumhq\selenium\selenium-json\4.4.0\selenium-json-4.4.0.jar;C:\Users\samsung\.m2\repository\org\seleniumhq\selenium\selenium-devtools-v102\4.4.0\selenium-devtools-v102-4.4.0.jar;C:\Users\samsung\.m2\repository\org\seleniumhq\selenium\selenium-
Launcher Type: SUN_STANDARD

[Global flags]
     intx CICompilerCount                          = 3                                         {product} {ergonomic}
     uint ConcGCThreads                            = 1                                         {product} {ergonomic}
     uint G1ConcRefinementThreads                  = 4                                         {product} {ergonomic}
   size_t G1HeapRegionSize                         = 1048576                                   {product} {ergonomic}
    uintx GCDrainStackTargetSize                   = 64                                        {product} {ergonomic}
   size_t InitialHeapSize                          = 268435456                                 {product} {ergonomic}
   size_t MarkStackSize                            = 4194304                                   {product} {ergonomic}
   size_t MaxHeapSize                              = 4273995776                                {product} {ergonomic}
   size_t MaxNewSize                               = 2563768320                                {product} {ergonomic}
   size_t MinHeapDeltaBytes                        = 1048576                                   {product} {ergonomic}
    uintx NonNMethodCodeHeapSize                   = 5830732                                {pd product} {ergonomic}
    uintx NonProfiledCodeHeapSize                  = 122913754                              {pd product} {ergonomic}
    uintx ProfiledCodeHeapSize                     = 122913754                              {pd product} {ergonomic}
    uintx ReservedCodeCacheSize                    = 251658240                              {pd product} {ergonomic}
     bool SegmentedCodeCache                       = true                                      {product} {ergonomic}
     bool UseCompressedClassPointers               = true                                 {lp64_product} {ergonomic}
     bool UseCompressedOops                        = true                                 {lp64_product} {ergonomic}
     bool UseG1GC                                  = true                                      {product} {ergonomic}
     bool UseLargePagesIndividualAllocation        = false                                  {pd product} {ergonomic}

Logging:
Log output configuration:
 #0: stdout all=warning uptime,level,tags
 #1: stderr all=off uptime,level,tags

Environment Variables:
PATH=C:\Program Files\Common Files\Oracle\Java\javapath;C:\Program Files (x86)\Common Files\Oracle\Java\javapath;C:\Program Files (x86)\Intel\iCLS Client\;C:\SIMULIA\Commands;C:\Program Files\Microsoft MPI\Bin\;C:\ProgramData\Oracle\Java\javapath;C:\Program Files\Intel\iCLS Client\;C:\windows\system32;C:\windows;C:\windows\System32\Wbem;C:\windows\System32\WindowsPowerShell\v1.0\;C:\WINDOWS\system32;C:\WINDOWS;C:\WINDOWS\System32\Wbem;C:\WINDOWS\System32\WindowsPowerShell\v1.0\;C:\WINDOWS\System32\OpenSSH\;C:\Program Files (x86)\Intel\Intel(R) Management Engine Components\DAL;C:\Program Files\Intel\Intel(R) Management Engine Components\DAL;C:\Program Files (x86)\Intel\Intel(R) Management Engine Components\IPT;C:\Program Files\Intel\Intel(R) Management Engine Components\IPT;C:\Program Files\Intel\WiFi\bin\;C:\Program Files\Common Files\Intel\WirelessCommon\;C:\Program Files\Microsoft VS Code\bin;C:\Program Files\dotnet\;C:\Program Files\Microsoft SQL Server\120\Tools\Binn\;C:\Program Files\Microsoft SQL Server\Client SDK\ODBC\170\Tools\Binn\;C:\Program Files\Microsoft SQL Server\150\Tools\Binn\;C:\Program Files\Java\jdk-11.0.15.1\bin;C:\Program Files\Git\cmd;C:\Program Files\Docker\Docker\resources\bin;C:\ProgramData\DockerDesktop\version-bin;C:\ProgramData\chocolatey\bin;C:\Users\samsung\AppData\Local\Microsoft\WindowsApps;C:\Program Files\Intel\WiFi\bin\;C:\Program Files\Common Files\Intel\WirelessCommon\;C:\Users\samsung\.dotnet\tools
USERNAME=samsung
OS=Windows_NT
PROCESSOR_IDENTIFIER=Intel64 Family 6 Model 142 Stepping 9, GenuineIntel



---------------  S Y S T E M  ---------------

OS: Windows 10 , 64 bit Build 19041 (10.0.19041.1889)
Hyper-V role detected

CPU:total 4 (initial active 4) (2 cores per cpu, 2 threads per core) family 6 model 142 stepping 9 microcode 0xb4, cmov, cx8, fxsr, mmx, sse, sse2, sse3, ssse3, sse4.1, sse4.2, popcnt, avx, avx2, aes, clmul, erms, 3dnowpref, lzcnt, ht, tsc, tscinvbit, bmi1, bmi2, adx, fma

Memory: 4k page, system-wide physical 16298M (4497M free)
TotalPageFile size 34926M (AvailPageFile size 151M)
current process WorkingSet (physical memory assigned to process): 165M, peak: 179M
current process commit charge ("private bytes"): 389M, peak: 401M

vm_info: Java HotSpot(TM) 64-Bit Server VM (11.0.15.1+2-LTS-10) for windows-amd64 JRE (11.0.15.1+2-LTS-10), built on Apr 25 2022 21:51:57 by "mach5one" with MS VC++ 15.9 (VS2017)

END.
